{
  "numFailedTestSuites": 0,
  "numFailedTests": 0,
  "numPassedTestSuites": 3,
  "numPassedTests": 7,
  "numPendingTestSuites": 0,
  "numPendingTests": 0,
  "numRuntimeErrorTestSuites": 0,
  "numTodoTests": 0,
  "numTotalTestSuites": 3,
  "numTotalTests": 7,
  "openHandles": [],
  "snapshot": {
    "added": 0,
    "didUpdate": false,
    "failure": false,
    "filesAdded": 0,
    "filesRemoved": 0,
    "filesUnmatched": 0,
    "filesUpdated": 0,
    "matched": 0,
    "total": 0,
    "unchecked": 0,
    "uncheckedKeysByFile": [],
    "unmatched": 0,
    "updated": 0
  },
  "startTime": 1564329389615,
  "success": false,
  "testResults": [
    {
      "failureMessage": null,
      "numFailingTests": 0,
      "numPassingTests": 3,
      "numPendingTests": 0,
      "numTodoTests": 0,
      "perfStats": {
        "end": 1564329393010,
        "start": 1564329389660
      },
      "snapshot": {
        "added": 0,
        "fileDeleted": false,
        "matched": 0,
        "unchecked": 0,
        "unmatched": 0,
        "updated": 0,
        "uncheckedKeys": []
      },
      "testFilePath": "/app/test/meeting_invalidate.spec.ts",
      "testResults": [
        {
          "ancestorTitles": [
            "Meeting Obsolete"
          ],
          "duration": 5,
          "failureMessages": [],
          "fullName": "Meeting Obsolete meeting should not be obsolete after creation",
          "location": null,
          "numPassingAsserts": 0,
          "status": "passed",
          "title": "meeting should not be obsolete after creation"
        },
        {
          "ancestorTitles": [
            "Meeting Obsolete"
          ],
          "duration": 2,
          "failureMessages": [],
          "fullName": "Meeting Obsolete meeting should  be obsolete after 35 minutes",
          "location": null,
          "numPassingAsserts": 0,
          "status": "passed",
          "title": "meeting should  be obsolete after 35 minutes"
        },
        {
          "ancestorTitles": [
            "Meeting Obsolete"
          ],
          "duration": 0,
          "failureMessages": [],
          "fullName": "Meeting Obsolete meeting obsolete cannot do actions",
          "location": null,
          "numPassingAsserts": 0,
          "status": "passed",
          "title": "meeting obsolete cannot do actions"
        }
      ],
      "skipped": false,
      "leaks": false
    },
    {
      "failureMessage": null,
      "numFailingTests": 0,
      "numPassingTests": 2,
      "numPendingTests": 0,
      "numTodoTests": 0,
      "perfStats": {
        "end": 1564329393145,
        "start": 1564329393036
      },
      "snapshot": {
        "added": 0,
        "fileDeleted": false,
        "matched": 0,
        "unchecked": 0,
        "unmatched": 0,
        "updated": 0,
        "uncheckedKeys": []
      },
      "testFilePath": "/app/test/check_card.spec.ts",
      "testResults": [
        {
          "ancestorTitles": [
            "Check  card basic"
          ],
          "duration": 10,
          "failureMessages": [],
          "fullName": "Check  card basic card should be checked",
          "location": null,
          "numPassingAsserts": 0,
          "status": "passed",
          "title": "card should be checked"
        },
        {
          "ancestorTitles": [
            "Check  card basic"
          ],
          "duration": 1,
          "failureMessages": [],
          "fullName": "Check  card basic number of cards checked",
          "location": null,
          "numPassingAsserts": 0,
          "status": "passed",
          "title": "number of cards checked"
        }
      ],
      "skipped": false,
      "leaks": false
    },
    {
      "failureMessage": null,
      "numFailingTests": 0,
      "numPassingTests": 2,
      "numPendingTests": 0,
      "numTodoTests": 0,
      "perfStats": {
        "end": 1564329393280,
        "start": 1564329393169
      },
      "snapshot": {
        "added": 0,
        "fileDeleted": false,
        "matched": 0,
        "unchecked": 0,
        "unmatched": 0,
        "updated": 0,
        "uncheckedKeys": []
      },
      "testFilePath": "/app/test/meeting_creation.spec.ts",
      "testResults": [
        {
          "ancestorTitles": [
            "Meetings creation"
          ],
          "duration": 4,
          "failureMessages": [],
          "fullName": "Meetings creation a meeting should have been created properly",
          "location": null,
          "numPassingAsserts": 0,
          "status": "passed",
          "title": "a meeting should have been created properly"
        },
        {
          "ancestorTitles": [
            "Meetings creation"
          ],
          "duration": 1,
          "failureMessages": [],
          "fullName": "Meetings creation two meeting have different ids",
          "location": null,
          "numPassingAsserts": 0,
          "status": "passed",
          "title": "two meeting have different ids"
        }
      ],
      "skipped": false,
      "leaks": false
    }
  ],
  "wasInterrupted": false,
  "coverageMap": {
    "/app/MeetingsFactory.ts": {
      "path": "/app/MeetingsFactory.ts",
      "statementMap": {
        "0": {
          "start": {
            "line": 1,
            "column": 0
          },
          "end": {
            "line": 1,
            "column": 32
          }
        },
        "1": {
          "start": {
            "line": 2,
            "column": 0
          },
          "end": {
            "line": 2,
            "column": 40
          }
        },
        "2": {
          "start": {
            "line": 3,
            "column": 0
          },
          "end": {
            "line": 3,
            "column": 26
          }
        },
        "3": {
          "start": {
            "line": 4,
            "column": 0
          },
          "end": {
            "line": 4,
            "column": 28
          }
        },
        "4": {
          "start": {
            "line": 6,
            "column": 0
          },
          "end": {
            "line": 6,
            "column": null
          }
        },
        "5": {
          "start": {
            "line": 7,
            "column": 11
          },
          "end": {
            "line": 19,
            "column": null
          }
        },
        "6": {
          "start": {
            "line": 8,
            "column": 16
          },
          "end": {
            "line": 8,
            "column": 33
          }
        },
        "7": {
          "start": {
            "line": 9,
            "column": 8
          },
          "end": {
            "line": 9,
            "column": 30
          }
        },
        "8": {
          "start": {
            "line": 10,
            "column": 8
          },
          "end": {
            "line": 10,
            "column": 26
          }
        },
        "9": {
          "start": {
            "line": 12,
            "column": 16
          },
          "end": {
            "line": 12,
            "column": 29
          }
        },
        "10": {
          "start": {
            "line": 13,
            "column": 8
          },
          "end": {
            "line": 13,
            "column": 30
          }
        },
        "11": {
          "start": {
            "line": 14,
            "column": 8
          },
          "end": {
            "line": 14,
            "column": 39
          }
        },
        "12": {
          "start": {
            "line": 15,
            "column": 8
          },
          "end": {
            "line": 15,
            "column": 29
          }
        },
        "13": {
          "start": {
            "line": 16,
            "column": 8
          },
          "end": {
            "line": 16,
            "column": 28
          }
        },
        "14": {
          "start": {
            "line": 18,
            "column": 8
          },
          "end": {
            "line": 18,
            "column": 17
          }
        },
        "15": {
          "start": {
            "line": 22,
            "column": 0
          },
          "end": {
            "line": 22,
            "column": null
          }
        }
      },
      "fnMap": {
        "0": {
          "name": "(anonymous_0)",
          "decl": {
            "start": {
              "line": 6,
              "column": 0
            },
            "end": {
              "line": 6,
              "column": null
            }
          },
          "loc": {
            "start": {
              "line": 6,
              "column": 0
            },
            "end": {
              "line": 22,
              "column": null
            }
          }
        },
        "1": {
          "name": "(anonymous_2)",
          "decl": {
            "start": {
              "line": 7,
              "column": 4
            },
            "end": {
              "line": 7,
              "column": 11
            }
          },
          "loc": {
            "start": {
              "line": 7,
              "column": 61
            },
            "end": {
              "line": 19,
              "column": 5
            }
          }
        }
      },
      "branchMap": {},
      "s": {
        "0": 3,
        "1": 3,
        "2": 3,
        "3": 3,
        "4": 3,
        "5": 3,
        "6": 8,
        "7": 8,
        "8": 8,
        "9": 8,
        "10": 8,
        "11": 8,
        "12": 8,
        "13": 8,
        "14": 8,
        "15": 3
      },
      "f": {
        "0": 10,
        "1": 8
      },
      "b": {}
    },
    "/app/Meeting.ts": {
      "path": "/app/Meeting.ts",
      "statementMap": {
        "0": {
          "start": {
            "line": 3,
            "column": 0
          },
          "end": {
            "line": 3,
            "column": 45
          }
        },
        "1": {
          "start": {
            "line": 4,
            "column": 0
          },
          "end": {
            "line": 4,
            "column": 21
          }
        },
        "2": {
          "start": {
            "line": 7,
            "column": 8
          },
          "end": {
            "line": 7,
            "column": 31
          }
        },
        "3": {
          "start": {
            "line": 8,
            "column": 8
          },
          "end": {
            "line": 8,
            "column": 24
          }
        },
        "4": {
          "start": {
            "line": 9,
            "column": 8
          },
          "end": {
            "line": 9,
            "column": 41
          }
        },
        "5": {
          "start": {
            "line": 20,
            "column": 11
          },
          "end": {
            "line": 27,
            "column": null
          }
        },
        "6": {
          "start": {
            "line": 21,
            "column": 8
          },
          "end": {
            "line": 23,
            "column": null
          }
        },
        "7": {
          "start": {
            "line": 22,
            "column": 12
          },
          "end": {
            "line": 22,
            "column": 95
          }
        },
        "8": {
          "start": {
            "line": 25,
            "column": 8
          },
          "end": {
            "line": 25,
            "column": 34
          }
        },
        "9": {
          "start": {
            "line": 26,
            "column": 8
          },
          "end": {
            "line": 26,
            "column": 44
          }
        },
        "10": {
          "start": {
            "line": 28,
            "column": 11
          },
          "end": {
            "line": 38,
            "column": null
          }
        },
        "11": {
          "start": {
            "line": 30,
            "column": 16
          },
          "end": {
            "line": 30,
            "column": 48
          }
        },
        "12": {
          "start": {
            "line": 32,
            "column": 8
          },
          "end": {
            "line": 32,
            "column": 44
          }
        },
        "13": {
          "start": {
            "line": 32,
            "column": 32
          },
          "end": {
            "line": 32,
            "column": 43
          }
        },
        "14": {
          "start": {
            "line": 39,
            "column": 11
          },
          "end": {
            "line": 46,
            "column": null
          }
        },
        "15": {
          "start": {
            "line": 40,
            "column": 8
          },
          "end": {
            "line": 45,
            "column": null
          }
        },
        "16": {
          "start": {
            "line": 41,
            "column": 12
          },
          "end": {
            "line": 41,
            "column": 44
          }
        },
        "17": {
          "start": {
            "line": 44,
            "column": 12
          },
          "end": {
            "line": 44,
            "column": 83
          }
        },
        "18": {
          "start": {
            "line": 47,
            "column": 11
          },
          "end": {
            "line": 56,
            "column": null
          }
        },
        "19": {
          "start": {
            "line": 50,
            "column": 8
          },
          "end": {
            "line": 53,
            "column": null
          }
        },
        "20": {
          "start": {
            "line": 52,
            "column": 12
          },
          "end": {
            "line": 52,
            "column": 90
          }
        },
        "21": {
          "start": {
            "line": 54,
            "column": 8
          },
          "end": {
            "line": 54,
            "column": 21
          }
        },
        "22": {
          "start": {
            "line": 55,
            "column": 8
          },
          "end": {
            "line": 55,
            "column": 24
          }
        },
        "23": {
          "start": {
            "line": 57,
            "column": 11
          },
          "end": {
            "line": 65,
            "column": null
          }
        },
        "24": {
          "start": {
            "line": 58,
            "column": 8
          },
          "end": {
            "line": 64,
            "column": null
          }
        },
        "25": {
          "start": {
            "line": 59,
            "column": 12
          },
          "end": {
            "line": 59,
            "column": 69
          }
        },
        "26": {
          "start": {
            "line": 59,
            "column": 44
          },
          "end": {
            "line": 59,
            "column": 59
          }
        },
        "27": {
          "start": {
            "line": 63,
            "column": 12
          },
          "end": {
            "line": 63,
            "column": 69
          }
        },
        "28": {
          "start": {
            "line": 66,
            "column": 11
          },
          "end": {
            "line": 68,
            "column": null
          }
        },
        "29": {
          "start": {
            "line": 67,
            "column": 8
          },
          "end": {
            "line": 67,
            "column": 33
          }
        },
        "30": {
          "start": {
            "line": 70,
            "column": 11
          },
          "end": {
            "line": 72,
            "column": null
          }
        },
        "31": {
          "start": {
            "line": 71,
            "column": 8
          },
          "end": {
            "line": 71,
            "column": 72
          }
        },
        "32": {
          "start": {
            "line": 73,
            "column": 11
          },
          "end": {
            "line": 76,
            "column": null
          }
        },
        "33": {
          "start": {
            "line": 74,
            "column": 8
          },
          "end": {
            "line": 74,
            "column": 73
          }
        },
        "34": {
          "start": {
            "line": 77,
            "column": 11
          },
          "end": {
            "line": 81,
            "column": null
          }
        },
        "35": {
          "start": {
            "line": 78,
            "column": 21
          },
          "end": {
            "line": 78,
            "column": 31
          }
        },
        "36": {
          "start": {
            "line": 80,
            "column": 8
          },
          "end": {
            "line": 80,
            "column": 46
          }
        },
        "37": {
          "start": {
            "line": 11,
            "column": 19
          },
          "end": {
            "line": 11,
            "column": 52
          }
        },
        "38": {
          "start": {
            "line": 12,
            "column": 18
          },
          "end": {
            "line": 12,
            "column": 54
          }
        },
        "39": {
          "start": {
            "line": 84,
            "column": 0
          },
          "end": {
            "line": 84,
            "column": null
          }
        },
        "40": {
          "start": {
            "line": 4,
            "column": 21
          },
          "end": {
            "line": 4,
            "column": null
          }
        }
      },
      "fnMap": {
        "0": {
          "name": "(anonymous_0)",
          "decl": {
            "start": {
              "line": 4,
              "column": 0
            },
            "end": {
              "line": 4,
              "column": 21
            }
          },
          "loc": {
            "start": {
              "line": 4,
              "column": 0
            },
            "end": {
              "line": 4,
              "column": 21
            }
          }
        },
        "1": {
          "name": "Meeting",
          "decl": {
            "start": {
              "line": 6,
              "column": 4
            },
            "end": {
              "line": 6,
              "column": null
            }
          },
          "loc": {
            "start": {
              "line": 6,
              "column": 4
            },
            "end": {
              "line": 10,
              "column": 5
            }
          }
        },
        "2": {
          "name": "(anonymous_2)",
          "decl": {
            "start": {
              "line": 20,
              "column": 4
            },
            "end": {
              "line": 20,
              "column": 11
            }
          },
          "loc": {
            "start": {
              "line": 20,
              "column": 39
            },
            "end": {
              "line": 27,
              "column": 5
            }
          }
        },
        "3": {
          "name": "(anonymous_3)",
          "decl": {
            "start": {
              "line": 28,
              "column": 4
            },
            "end": {
              "line": 28,
              "column": 11
            }
          },
          "loc": {
            "start": {
              "line": 28,
              "column": 4
            },
            "end": {
              "line": 38,
              "column": 5
            }
          }
        },
        "4": {
          "name": "(anonymous_4)",
          "decl": {
            "start": {
              "line": 32,
              "column": 27
            },
            "end": {
              "line": 32,
              "column": 29
            }
          },
          "loc": {
            "start": {
              "line": 32,
              "column": 29
            },
            "end": {
              "line": 32,
              "column": 34
            }
          }
        },
        "5": {
          "name": "(anonymous_5)",
          "decl": {
            "start": {
              "line": 39,
              "column": 4
            },
            "end": {
              "line": 39,
              "column": 11
            }
          },
          "loc": {
            "start": {
              "line": 39,
              "column": 60
            },
            "end": {
              "line": 46,
              "column": 5
            }
          }
        },
        "6": {
          "name": "(anonymous_6)",
          "decl": {
            "start": {
              "line": 47,
              "column": 4
            },
            "end": {
              "line": 47,
              "column": 11
            }
          },
          "loc": {
            "start": {
              "line": 47,
              "column": 58
            },
            "end": {
              "line": 56,
              "column": 5
            }
          }
        },
        "7": {
          "name": "(anonymous_7)",
          "decl": {
            "start": {
              "line": 57,
              "column": 4
            },
            "end": {
              "line": 57,
              "column": 11
            }
          },
          "loc": {
            "start": {
              "line": 57,
              "column": 4
            },
            "end": {
              "line": 65,
              "column": 5
            }
          }
        },
        "8": {
          "name": "(anonymous_8)",
          "decl": {
            "start": {
              "line": 59,
              "column": 40
            },
            "end": {
              "line": 59,
              "column": 42
            }
          },
          "loc": {
            "start": {
              "line": 59,
              "column": 42
            },
            "end": {
              "line": 59,
              "column": 46
            }
          }
        },
        "9": {
          "name": "(anonymous_9)",
          "decl": {
            "start": {
              "line": 66,
              "column": 4
            },
            "end": {
              "line": 66,
              "column": 11
            }
          },
          "loc": {
            "start": {
              "line": 66,
              "column": 4
            },
            "end": {
              "line": 68,
              "column": 5
            }
          }
        },
        "10": {
          "name": "(anonymous_10)",
          "decl": {
            "start": {
              "line": 70,
              "column": 4
            },
            "end": {
              "line": 70,
              "column": 11
            }
          },
          "loc": {
            "start": {
              "line": 70,
              "column": 4
            },
            "end": {
              "line": 72,
              "column": 5
            }
          }
        },
        "11": {
          "name": "(anonymous_11)",
          "decl": {
            "start": {
              "line": 73,
              "column": 4
            },
            "end": {
              "line": 73,
              "column": 11
            }
          },
          "loc": {
            "start": {
              "line": 73,
              "column": 4
            },
            "end": {
              "line": 76,
              "column": 5
            }
          }
        },
        "12": {
          "name": "(anonymous_12)",
          "decl": {
            "start": {
              "line": 77,
              "column": 4
            },
            "end": {
              "line": 77,
              "column": 11
            }
          },
          "loc": {
            "start": {
              "line": 77,
              "column": 4
            },
            "end": {
              "line": 81,
              "column": 5
            }
          }
        }
      },
      "branchMap": {
        "0": {
          "loc": {
            "start": {
              "line": 21,
              "column": 8
            },
            "end": {
              "line": 23,
              "column": null
            }
          },
          "type": "if",
          "locations": [
            {
              "start": {
                "line": 21,
                "column": 8
              },
              "end": {
                "line": 23,
                "column": null
              }
            },
            {
              "start": {
                "line": 21,
                "column": 8
              },
              "end": {
                "line": 23,
                "column": null
              }
            }
          ]
        },
        "1": {
          "loc": {
            "start": {
              "line": 40,
              "column": 8
            },
            "end": {
              "line": 45,
              "column": null
            }
          },
          "type": "if",
          "locations": [
            {
              "start": {
                "line": 40,
                "column": 8
              },
              "end": {
                "line": 45,
                "column": null
              }
            },
            {
              "start": {
                "line": 40,
                "column": 8
              },
              "end": {
                "line": 45,
                "column": null
              }
            }
          ]
        },
        "2": {
          "loc": {
            "start": {
              "line": 50,
              "column": 8
            },
            "end": {
              "line": 53,
              "column": null
            }
          },
          "type": "if",
          "locations": [
            {
              "start": {
                "line": 50,
                "column": 8
              },
              "end": {
                "line": 53,
                "column": null
              }
            },
            {
              "start": {
                "line": 50,
                "column": 8
              },
              "end": {
                "line": 53,
                "column": null
              }
            }
          ]
        },
        "3": {
          "loc": {
            "start": {
              "line": 58,
              "column": 8
            },
            "end": {
              "line": 64,
              "column": null
            }
          },
          "type": "if",
          "locations": [
            {
              "start": {
                "line": 58,
                "column": 8
              },
              "end": {
                "line": 64,
                "column": null
              }
            },
            {
              "start": {
                "line": 58,
                "column": 8
              },
              "end": {
                "line": 64,
                "column": null
              }
            }
          ]
        }
      },
      "s": {
        "0": 3,
        "1": 3,
        "2": 8,
        "3": 8,
        "4": 8,
        "5": 3,
        "6": 10,
        "7": 1,
        "8": 9,
        "9": 9,
        "10": 3,
        "11": 3,
        "12": 3,
        "13": 3,
        "14": 3,
        "15": 1,
        "16": 1,
        "17": 0,
        "18": 3,
        "19": 2,
        "20": 0,
        "21": 2,
        "22": 2,
        "23": 3,
        "24": 5,
        "25": 5,
        "26": 10,
        "27": 0,
        "28": 3,
        "29": 1,
        "30": 3,
        "31": 16,
        "32": 3,
        "33": 6,
        "34": 3,
        "35": 22,
        "36": 22,
        "37": 3,
        "38": 3,
        "39": 3,
        "40": 3
      },
      "f": {
        "0": 3,
        "1": 8,
        "2": 10,
        "3": 3,
        "4": 3,
        "5": 1,
        "6": 2,
        "7": 5,
        "8": 10,
        "9": 1,
        "10": 16,
        "11": 6,
        "12": 22
      },
      "b": {
        "0": [
          1,
          9
        ],
        "1": [
          1,
          0
        ],
        "2": [
          0,
          2
        ],
        "3": [
          5,
          0
        ]
      }
    },
    "/app/Participant.ts": {
      "path": "/app/Participant.ts",
      "statementMap": {
        "0": {
          "start": {
            "line": 1,
            "column": 0
          },
          "end": {
            "line": 1,
            "column": null
          }
        },
        "1": {
          "start": {
            "line": 4,
            "column": 0
          },
          "end": {
            "line": 4,
            "column": null
          }
        }
      },
      "fnMap": {
        "0": {
          "name": "(anonymous_0)",
          "decl": {
            "start": {
              "line": 1,
              "column": 0
            },
            "end": {
              "line": 1,
              "column": null
            }
          },
          "loc": {
            "start": {
              "line": 1,
              "column": 0
            },
            "end": {
              "line": 4,
              "column": null
            }
          }
        }
      },
      "branchMap": {},
      "s": {
        "0": 3,
        "1": 3
      },
      "f": {
        "0": 13
      },
      "b": {}
    },
    "/app/Guid.ts": {
      "path": "/app/Guid.ts",
      "statementMap": {
        "0": {
          "start": {
            "line": 2,
            "column": 0
          },
          "end": {
            "line": 2,
            "column": null
          }
        },
        "1": {
          "start": {
            "line": 3,
            "column": 11
          },
          "end": {
            "line": 9,
            "column": null
          }
        },
        "2": {
          "start": {
            "line": 4,
            "column": 6
          },
          "end": {
            "line": 8,
            "column": 9
          }
        },
        "3": {
          "start": {
            "line": 5,
            "column": 16
          },
          "end": {
            "line": 5,
            "column": 38
          }
        },
        "4": {
          "start": {
            "line": 6,
            "column": 14
          },
          "end": {
            "line": 6,
            "column": 44
          }
        },
        "5": {
          "start": {
            "line": 7,
            "column": 8
          },
          "end": {
            "line": 7,
            "column": 30
          }
        },
        "6": {
          "start": {
            "line": 10,
            "column": 2
          },
          "end": {
            "line": 10,
            "column": null
          }
        }
      },
      "fnMap": {
        "0": {
          "name": "(anonymous_0)",
          "decl": {
            "start": {
              "line": 2,
              "column": 0
            },
            "end": {
              "line": 2,
              "column": null
            }
          },
          "loc": {
            "start": {
              "line": 2,
              "column": 0
            },
            "end": {
              "line": 10,
              "column": null
            }
          }
        },
        "1": {
          "name": "(anonymous_2)",
          "decl": {
            "start": {
              "line": 3,
              "column": 4
            },
            "end": {
              "line": 3,
              "column": 11
            }
          },
          "loc": {
            "start": {
              "line": 3,
              "column": 4
            },
            "end": {
              "line": 9,
              "column": 5
            }
          }
        },
        "2": {
          "name": "(anonymous_3)",
          "decl": {
            "start": {
              "line": 4,
              "column": 69
            },
            "end": {
              "line": 4,
              "column": 78
            }
          },
          "loc": {
            "start": {
              "line": 4,
              "column": 79
            },
            "end": {
              "line": 8,
              "column": 7
            }
          }
        }
      },
      "branchMap": {
        "0": {
          "loc": {
            "start": {
              "line": 6,
              "column": 25
            },
            "end": {
              "line": 6,
              "column": 26
            }
          },
          "type": "cond-expr",
          "locations": [
            {
              "start": {
                "line": 6,
                "column": 25
              },
              "end": {
                "line": 6,
                "column": 26
              }
            },
            {
              "start": {
                "line": 6,
                "column": 30
              },
              "end": {
                "line": 6,
                "column": 43
              }
            }
          ]
        }
      },
      "s": {
        "0": 3,
        "1": 3,
        "2": 16,
        "3": 496,
        "4": 496,
        "5": 496,
        "6": 3
      },
      "f": {
        "0": 3,
        "1": 16,
        "2": 496
      },
      "b": {
        "0": [
          480,
          16
        ]
      }
    },
    "/app/Cards.ts": {
      "path": "/app/Cards.ts",
      "statementMap": {
        "0": {
          "start": {
            "line": 3,
            "column": 0
          },
          "end": {
            "line": 3,
            "column": null
          }
        },
        "1": {
          "start": {
            "line": 5,
            "column": 8
          },
          "end": {
            "line": 5,
            "column": 31
          }
        },
        "2": {
          "start": {
            "line": 12,
            "column": 11
          },
          "end": {
            "line": 16,
            "column": null
          }
        },
        "3": {
          "start": {
            "line": 14,
            "column": 8
          },
          "end": {
            "line": 14,
            "column": 35
          }
        },
        "4": {
          "start": {
            "line": 15,
            "column": 8
          },
          "end": {
            "line": 15,
            "column": 41
          }
        },
        "5": {
          "start": {
            "line": 17,
            "column": 11
          },
          "end": {
            "line": 20,
            "column": null
          }
        },
        "6": {
          "start": {
            "line": 19,
            "column": 8
          },
          "end": {
            "line": 19,
            "column": 45
          }
        },
        "7": {
          "start": {
            "line": 21,
            "column": 11
          },
          "end": {
            "line": 24,
            "column": null
          }
        },
        "8": {
          "start": {
            "line": 23,
            "column": 8
          },
          "end": {
            "line": 23,
            "column": 72
          }
        },
        "9": {
          "start": {
            "line": 23,
            "column": 45
          },
          "end": {
            "line": 23,
            "column": 60
          }
        },
        "10": {
          "start": {
            "line": 25,
            "column": 19
          },
          "end": {
            "line": 41,
            "column": null
          }
        },
        "11": {
          "start": {
            "line": 27,
            "column": 14
          },
          "end": {
            "line": 27,
            "column": 15
          }
        },
        "12": {
          "start": {
            "line": 28,
            "column": 18
          },
          "end": {
            "line": 28,
            "column": 20
          }
        },
        "13": {
          "start": {
            "line": 30,
            "column": 14
          },
          "end": {
            "line": 30,
            "column": 25
          }
        },
        "14": {
          "start": {
            "line": 31,
            "column": 8
          },
          "end": {
            "line": 31,
            "column": 34
          }
        },
        "15": {
          "start": {
            "line": 32,
            "column": 8
          },
          "end": {
            "line": 32,
            "column": 19
          }
        },
        "16": {
          "start": {
            "line": 33,
            "column": 8
          },
          "end": {
            "line": 33,
            "column": 20
          }
        },
        "17": {
          "start": {
            "line": 35,
            "column": 8
          },
          "end": {
            "line": 35,
            "column": 22
          }
        },
        "18": {
          "start": {
            "line": 36,
            "column": 8
          },
          "end": {
            "line": 36,
            "column": 50
          }
        },
        "19": {
          "start": {
            "line": 37,
            "column": 8
          },
          "end": {
            "line": 37,
            "column": 19
          }
        },
        "20": {
          "start": {
            "line": 38,
            "column": 8
          },
          "end": {
            "line": 38,
            "column": 20
          }
        },
        "21": {
          "start": {
            "line": 40,
            "column": 8
          },
          "end": {
            "line": 40,
            "column": 19
          }
        },
        "22": {
          "start": {
            "line": 43,
            "column": 0
          },
          "end": {
            "line": 43,
            "column": null
          }
        }
      },
      "fnMap": {
        "0": {
          "name": "(anonymous_0)",
          "decl": {
            "start": {
              "line": 3,
              "column": 0
            },
            "end": {
              "line": 3,
              "column": null
            }
          },
          "loc": {
            "start": {
              "line": 3,
              "column": 0
            },
            "end": {
              "line": 43,
              "column": null
            }
          }
        },
        "1": {
          "name": "Cards",
          "decl": {
            "start": {
              "line": 4,
              "column": 4
            },
            "end": {
              "line": 4,
              "column": null
            }
          },
          "loc": {
            "start": {
              "line": 4,
              "column": 4
            },
            "end": {
              "line": 6,
              "column": 5
            }
          }
        },
        "2": {
          "name": "(anonymous_2)",
          "decl": {
            "start": {
              "line": 12,
              "column": 4
            },
            "end": {
              "line": 12,
              "column": 11
            }
          },
          "loc": {
            "start": {
              "line": 12,
              "column": 33
            },
            "end": {
              "line": 16,
              "column": 5
            }
          }
        },
        "3": {
          "name": "(anonymous_3)",
          "decl": {
            "start": {
              "line": 17,
              "column": 4
            },
            "end": {
              "line": 17,
              "column": 11
            }
          },
          "loc": {
            "start": {
              "line": 17,
              "column": 4
            },
            "end": {
              "line": 20,
              "column": 5
            }
          }
        },
        "4": {
          "name": "(anonymous_4)",
          "decl": {
            "start": {
              "line": 21,
              "column": 4
            },
            "end": {
              "line": 21,
              "column": 11
            }
          },
          "loc": {
            "start": {
              "line": 21,
              "column": 40
            },
            "end": {
              "line": 24,
              "column": 5
            }
          }
        },
        "5": {
          "name": "(anonymous_5)",
          "decl": {
            "start": {
              "line": 23,
              "column": 41
            },
            "end": {
              "line": 23,
              "column": 43
            }
          },
          "loc": {
            "start": {
              "line": 23,
              "column": 43
            },
            "end": {
              "line": 23,
              "column": 47
            }
          }
        },
        "6": {
          "name": "(anonymous_6)",
          "decl": {
            "start": {
              "line": 25,
              "column": 5
            },
            "end": {
              "line": 25,
              "column": 19
            }
          },
          "loc": {
            "start": {
              "line": 25,
              "column": 5
            },
            "end": {
              "line": 41,
              "column": 5
            }
          }
        }
      },
      "branchMap": {},
      "s": {
        "0": 3,
        "1": 18,
        "2": 3,
        "3": 2,
        "4": 2,
        "5": 3,
        "6": 10,
        "7": 3,
        "8": 1,
        "9": 1,
        "10": 3,
        "11": 9,
        "12": 9,
        "13": 9,
        "14": 9,
        "15": 9,
        "16": 9,
        "17": 9,
        "18": 9,
        "19": 9,
        "20": 9,
        "21": 9,
        "22": 3
      },
      "f": {
        "0": 3,
        "1": 18,
        "2": 2,
        "3": 10,
        "4": 1,
        "5": 1,
        "6": 9
      },
      "b": {}
    }
  }
}